[21:57:43] [main/INFO]: Loading Minecraft 1.21.4 with Fabric Loader 0.16.10
[21:57:43] [main/INFO]: Loading 4 mods:
	- fabricloader 0.16.10
	   \-- mixinextras 0.4.1
	- java 21
	- minecraft 1.21.4
[21:57:43] [main/INFO]: SpongePowered MIXIN Subsystem Version=0.8.7 Source=file:/home/adminelse/src/py/quarry-ng/server/libraries/net/fabricmc/sponge-mixin/0.15.4+mixin.0.8.7/sponge-mixin-0.15.4+mixin.0.8.7.jar Service=Knot/Fabric Env=SERVER
[21:57:52] [main/INFO]: Environment: Environment[sessionHost=https://sessionserver.mojang.com, servicesHost=https://api.minecraftservices.com, name=PROD]
[21:57:55] [main/INFO]: Loaded 1370 recipes
[21:57:55] [main/INFO]: Loaded 1481 advancements
[21:57:55] [Server thread/INFO]: Starting minecraft server version 1.21.4
[21:57:55] [Server thread/INFO]: Loading properties
[21:57:55] [Server thread/INFO]: Default game type: SURVIVAL
[21:57:55] [Server thread/INFO]: Generating keypair
[21:57:55] [Server thread/INFO]: Starting Minecraft server on *:25565
[21:57:55] [Server thread/INFO]: Using epoll channel type
[21:57:55] [Server thread/WARN]: **** SERVER IS RUNNING IN OFFLINE/INSECURE MODE!
[21:57:55] [Server thread/WARN]: The server will make no attempt to authenticate usernames. Beware.
[21:57:55] [Server thread/WARN]: While this makes the game possible to play without internet access, it also opens up the ability for hackers to connect with any username they choose.
[21:57:55] [Server thread/WARN]: To change this, set "online-mode" to "true" in the server.properties file.
[21:57:55] [Server thread/INFO]: Preparing level "world"
[21:57:56] [Server thread/INFO]: Preparing start region for dimension minecraft:overworld
[21:57:58] [Worker-Main-6/INFO]: Preparing spawn area: 0%
[21:57:58] [Worker-Main-6/INFO]: Preparing spawn area: 0%
[21:57:58] [Worker-Main-6/INFO]: Preparing spawn area: 0%
[21:57:58] [Worker-Main-6/INFO]: Preparing spawn area: 0%
[21:57:58] [Worker-Main-6/INFO]: Preparing spawn area: 0%
[21:57:58] [Server thread/INFO]: Time elapsed: 2577 ms
[21:57:58] [Server thread/INFO]: Done (3.028s)! For help, type "help"
[21:58:58] [Server thread/INFO]: Server empty for 60 seconds, pausing
[22:12:41] [Server thread/INFO]: Stopping server
[22:12:41] [Server thread/INFO]: Saving players
[22:12:41] [Server thread/INFO]: Saving worlds
[22:12:41] [Server console handler/ERROR]: Exception handling console input
java.io.IOException: Input/output error
	at java.base/java.io.FileInputStream.readBytes(Native Method) ~[?:?]
	at java.base/java.io.FileInputStream.read(FileInputStream.java:287) ~[?:?]
	at java.base/java.io.BufferedInputStream.read1(BufferedInputStream.java:345) ~[?:?]
	at java.base/java.io.BufferedInputStream.implRead(BufferedInputStream.java:420) ~[?:?]
	at java.base/java.io.BufferedInputStream.read(BufferedInputStream.java:399) ~[?:?]
	at java.base/sun.nio.cs.StreamDecoder.readBytes(StreamDecoder.java:350) ~[?:?]
	at java.base/sun.nio.cs.StreamDecoder.implRead(StreamDecoder.java:393) ~[?:?]
	at java.base/sun.nio.cs.StreamDecoder.lockedRead(StreamDecoder.java:217) ~[?:?]
	at java.base/sun.nio.cs.StreamDecoder.read(StreamDecoder.java:171) ~[?:?]
	at java.base/java.io.InputStreamReader.read(InputStreamReader.java:188) ~[?:?]
	at java.base/java.io.BufferedReader.fill(BufferedReader.java:160) ~[?:?]
	at java.base/java.io.BufferedReader.implReadLine(BufferedReader.java:370) ~[?:?]
	at java.base/java.io.BufferedReader.readLine(BufferedReader.java:347) ~[?:?]
	at java.base/java.io.BufferedReader.readLine(BufferedReader.java:436) ~[?:?]
	at knot/net.minecraft.class_3176$1.run(class_3176.java:102) [server-intermediary.jar:?]
